<?xml version="1.0" encoding="UTF-8"?>
<testsuite xmlns:xsi="http://www.w3.org/2001/XMLSchema-instance" xsi:noNamespaceSchemaLocation="https://maven.apache.org/surefire/maven-surefire-plugin/xsd/surefire-test-report-3.0.xsd" version="3.0" name="com.theta.test.MybatisConfigTest" time="0.732" tests="1" errors="0" skipped="0" failures="0">
  <properties>
[...]
</properties>
  <testcase name="testSelect" classname="com.theta.test.MybatisConfigTest" time="0.678">
    <system-out><![CDATA[User{id=1, username='zhangsan', password='123'}
succeed
]]></system-out>
  </testcase>
</testsuite>